<?xml version="1.0" encoding="UTF-8"?>
<!-- Generated by org.testng.reporters.JUnitReportReporter -->
<testsuite hostname="Indika" failures="0" tests="2" name="testRunner.TestRunner" time="11.895" errors="0" timestamp="2025-08-22T14:56:57 IST" skipped="0">
  <testcase classname="testRunner.TestRunner" name="runScenario" time="1.095"/>
  <testcase classname="testRunner.TestRunner" name="runScenario" time="10.800"/>
</testsuite> <!-- testRunner.TestRunner -->
