<?xml version="1.0" encoding="UTF-8"?>
<!-- Generated by org.testng.reporters.JUnitReportReporter -->
<testsuite hostname="Indika" failures="0" tests="2" name="testRunner.TestRunner" time="22.280" errors="0" timestamp="2025-08-22T17:55:03 IST" skipped="0">
  <testcase classname="testRunner.TestRunner" name="runScenario" time="15.924"/>
  <testcase classname="testRunner.TestRunner" name="runScenario" time="6.356"/>
</testsuite> <!-- testRunner.TestRunner -->
