<?xml version="1.0" encoding="UTF-8"?>
<!-- Generated by org.testng.reporters.JUnitReportReporter -->
<testsuite hostname="Indika" failures="0" tests="2" name="testRunner.TestRunner" time="12.136" errors="0" timestamp="2025-08-23T18:49:12 IST" skipped="0">
  <testcase classname="testRunner.TestRunner" name="runScenario" time="1.914"/>
  <testcase classname="testRunner.TestRunner" name="runScenario" time="10.222"/>
</testsuite> <!-- testRunner.TestRunner -->
