<?xml version="1.0" encoding="UTF-8"?>
<!-- Generated by org.testng.reporters.JUnitReportReporter -->
<testsuite hostname="Indika" failures="0" tests="2" name="testRunner.TestRunner" time="9.547" errors="0" timestamp="2025-08-22T16:17:18 IST" skipped="0">
  <testcase classname="testRunner.TestRunner" name="runScenario" time="1.124"/>
  <testcase classname="testRunner.TestRunner" name="runScenario" time="8.423"/>
</testsuite> <!-- testRunner.TestRunner -->
